{"C:\\Users\\mat_k\\OneDrive\\Рабочий стол\\Учеба\\RSSchool\\MyReact\\src\\api\\api.ts": {"path":"C:\\Users\\mat_k\\OneDrive\\Рабочий стол\\Учеба\\RSSchool\\MyReact\\src\\api\\api.ts","all":false,"statementMap":{"0":{"start":{"line":1,"column":0},"end":{"line":1,"column":67}},"1":{"start":{"line":2,"column":0},"end":{"line":2,"column":0}},"2":{"start":{"line":3,"column":0},"end":{"line":3,"column":11}},"3":{"start":{"line":4,"column":0},"end":{"line":4,"column":58}},"4":{"start":{"line":5,"column":0},"end":{"line":5,"column":0}},"5":{"start":{"line":6,"column":0},"end":{"line":6,"column":62}},"6":{"start":{"line":7,"column":0},"end":{"line":7,"column":9}},"7":{"start":{"line":8,"column":0},"end":{"line":8,"column":63}},"8":{"start":{"line":9,"column":0},"end":{"line":9,"column":21}},"9":{"start":{"line":10,"column":0},"end":{"line":10,"column":34}},"10":{"start":{"line":11,"column":0},"end":{"line":11,"column":72}},"11":{"start":{"line":12,"column":0},"end":{"line":12,"column":16}},"12":{"start":{"line":13,"column":0},"end":{"line":13,"column":55}},"13":{"start":{"line":14,"column":0},"end":{"line":14,"column":9}},"14":{"start":{"line":15,"column":0},"end":{"line":15,"column":7}},"15":{"start":{"line":16,"column":0},"end":{"line":16,"column":48}},"16":{"start":{"line":17,"column":0},"end":{"line":17,"column":22}},"17":{"start":{"line":18,"column":0},"end":{"line":18,"column":28}},"18":{"start":{"line":19,"column":0},"end":{"line":19,"column":26}},"19":{"start":{"line":20,"column":0},"end":{"line":20,"column":8}},"20":{"start":{"line":21,"column":0},"end":{"line":21,"column":20}},"21":{"start":{"line":22,"column":0},"end":{"line":22,"column":13}},"22":{"start":{"line":23,"column":0},"end":{"line":23,"column":41}},"23":{"start":{"line":24,"column":0},"end":{"line":24,"column":5}},"24":{"start":{"line":25,"column":0},"end":{"line":25,"column":4}},"25":{"start":{"line":26,"column":0},"end":{"line":26,"column":0}},"26":{"start":{"line":27,"column":0},"end":{"line":27,"column":83}},"27":{"start":{"line":28,"column":0},"end":{"line":28,"column":9}},"28":{"start":{"line":29,"column":0},"end":{"line":29,"column":47}},"29":{"start":{"line":30,"column":0},"end":{"line":30,"column":85}},"30":{"start":{"line":31,"column":0},"end":{"line":31,"column":48}},"31":{"start":{"line":32,"column":0},"end":{"line":32,"column":22}},"32":{"start":{"line":33,"column":0},"end":{"line":33,"column":28}},"33":{"start":{"line":34,"column":0},"end":{"line":34,"column":26}},"34":{"start":{"line":35,"column":0},"end":{"line":35,"column":8}},"35":{"start":{"line":36,"column":0},"end":{"line":36,"column":20}},"36":{"start":{"line":37,"column":0},"end":{"line":37,"column":13}},"37":{"start":{"line":38,"column":0},"end":{"line":38,"column":41}},"38":{"start":{"line":39,"column":0},"end":{"line":39,"column":5}},"39":{"start":{"line":40,"column":0},"end":{"line":40,"column":4}},"40":{"start":{"line":41,"column":0},"end":{"line":41,"column":0}},"41":{"start":{"line":42,"column":0},"end":{"line":42,"column":51}},"42":{"start":{"line":43,"column":0},"end":{"line":43,"column":9}},"43":{"start":{"line":44,"column":0},"end":{"line":44,"column":47}},"44":{"start":{"line":45,"column":0},"end":{"line":45,"column":72}},"45":{"start":{"line":46,"column":0},"end":{"line":46,"column":48}},"46":{"start":{"line":47,"column":0},"end":{"line":47,"column":29}},"47":{"start":{"line":48,"column":0},"end":{"line":48,"column":13}},"48":{"start":{"line":49,"column":0},"end":{"line":49,"column":48}},"49":{"start":{"line":50,"column":0},"end":{"line":50,"column":5}},"50":{"start":{"line":51,"column":0},"end":{"line":51,"column":4}},"51":{"start":{"line":52,"column":0},"end":{"line":52,"column":1}},"52":{"start":{"line":53,"column":0},"end":{"line":53,"column":0}},"53":{"start":{"line":54,"column":0},"end":{"line":54,"column":15}}},"s":{"0":1,"1":1,"2":3,"3":3,"4":3,"5":3,"6":3,"7":3,"8":3,"9":0,"10":0,"11":0,"12":0,"13":0,"14":0,"15":2,"16":2,"17":2,"18":2,"19":2,"20":2,"21":3,"22":0,"23":0,"24":3,"25":3,"26":3,"27":0,"28":0,"29":0,"30":0,"31":0,"32":0,"33":0,"34":0,"35":0,"36":0,"37":0,"38":0,"39":0,"40":3,"41":3,"42":0,"43":0,"44":0,"45":0,"46":0,"47":0,"48":0,"49":0,"50":0,"51":3,"52":1,"53":1},"branchMap":{"0":{"type":"branch","line":3,"loc":{"start":{"line":3,"column":0},"end":{"line":52,"column":1}},"locations":[{"start":{"line":3,"column":0},"end":{"line":52,"column":1}}]},"1":{"type":"branch","line":6,"loc":{"start":{"line":6,"column":20},"end":{"line":25,"column":4}},"locations":[{"start":{"line":6,"column":20},"end":{"line":25,"column":4}}]},"2":{"type":"branch","line":8,"loc":{"start":{"line":8,"column":61},"end":{"line":9,"column":20}},"locations":[{"start":{"line":8,"column":61},"end":{"line":9,"column":20}}]},"3":{"type":"branch","line":9,"loc":{"start":{"line":9,"column":20},"end":{"line":15,"column":7}},"locations":[{"start":{"line":9,"column":20},"end":{"line":15,"column":7}}]},"4":{"type":"branch","line":15,"loc":{"start":{"line":15,"column":6},"end":{"line":22,"column":12}},"locations":[{"start":{"line":15,"column":6},"end":{"line":22,"column":12}}]},"5":{"type":"branch","line":22,"loc":{"start":{"line":22,"column":4},"end":{"line":24,"column":5}},"locations":[{"start":{"line":22,"column":4},"end":{"line":24,"column":5}}]}},"b":{"0":[3],"1":[3],"2":[2],"3":[0],"4":[2],"5":[0]},"fnMap":{"0":{"name":"<instance_members_initializer>","decl":{"start":{"line":3,"column":0},"end":{"line":52,"column":1}},"loc":{"start":{"line":3,"column":0},"end":{"line":52,"column":1}},"line":3},"1":{"name":"getItems","decl":{"start":{"line":6,"column":20},"end":{"line":25,"column":4}},"loc":{"start":{"line":6,"column":20},"end":{"line":25,"column":4}},"line":6},"2":{"name":"getSearchItems","decl":{"start":{"line":27,"column":26},"end":{"line":40,"column":4}},"loc":{"start":{"line":27,"column":26},"end":{"line":40,"column":4}},"line":27},"3":{"name":"getItemByName","decl":{"start":{"line":42,"column":25},"end":{"line":51,"column":4}},"loc":{"start":{"line":42,"column":25},"end":{"line":51,"column":4}},"line":42}},"f":{"0":3,"1":3,"2":0,"3":0}}
,"C:\\Users\\mat_k\\OneDrive\\Рабочий стол\\Учеба\\RSSchool\\MyReact\\src\\components\\App.tsx": {"path":"C:\\Users\\mat_k\\OneDrive\\Рабочий стол\\Учеба\\RSSchool\\MyReact\\src\\components\\App.tsx","all":false,"statementMap":{"0":{"start":{"line":1,"column":0},"end":{"line":1,"column":73}},"1":{"start":{"line":2,"column":0},"end":{"line":2,"column":42}},"2":{"start":{"line":3,"column":0},"end":{"line":3,"column":32}},"3":{"start":{"line":4,"column":0},"end":{"line":4,"column":32}},"4":{"start":{"line":5,"column":0},"end":{"line":5,"column":30}},"5":{"start":{"line":6,"column":0},"end":{"line":6,"column":36}},"6":{"start":{"line":7,"column":0},"end":{"line":7,"column":71}},"7":{"start":{"line":8,"column":0},"end":{"line":8,"column":0}},"8":{"start":{"line":9,"column":0},"end":{"line":9,"column":35}},"9":{"start":{"line":10,"column":0},"end":{"line":10,"column":27}},"10":{"start":{"line":11,"column":0},"end":{"line":11,"column":71}},"11":{"start":{"line":12,"column":0},"end":{"line":12,"column":43}},"12":{"start":{"line":13,"column":0},"end":{"line":13,"column":84}},"13":{"start":{"line":14,"column":0},"end":{"line":14,"column":60}},"14":{"start":{"line":15,"column":0},"end":{"line":15,"column":51}},"15":{"start":{"line":16,"column":0},"end":{"line":16,"column":14}},"16":{"start":{"line":17,"column":0},"end":{"line":17,"column":51}},"17":{"start":{"line":18,"column":0},"end":{"line":18,"column":12}},"18":{"start":{"line":19,"column":0},"end":{"line":19,"column":3}},"19":{"start":{"line":20,"column":0},"end":{"line":20,"column":2}},"20":{"start":{"line":21,"column":0},"end":{"line":21,"column":0}},"21":{"start":{"line":22,"column":0},"end":{"line":22,"column":29}},"22":{"start":{"line":23,"column":0},"end":{"line":23,"column":44}},"23":{"start":{"line":24,"column":0},"end":{"line":24,"column":2}},"24":{"start":{"line":25,"column":0},"end":{"line":25,"column":0}},"25":{"start":{"line":26,"column":0},"end":{"line":26,"column":19}}},"s":{"0":1,"1":1,"2":1,"3":1,"4":1,"5":1,"6":1,"7":1,"8":1,"9":1,"10":1,"11":1,"12":1,"13":1,"14":1,"15":1,"16":1,"17":1,"18":1,"19":1,"20":1,"21":1,"22":2,"23":2,"24":1,"25":1},"branchMap":{"0":{"type":"branch","line":22,"loc":{"start":{"line":22,"column":22},"end":{"line":24,"column":2}},"locations":[{"start":{"line":22,"column":22},"end":{"line":24,"column":2}}]}},"b":{"0":[2]},"fnMap":{"0":{"name":"App","decl":{"start":{"line":22,"column":22},"end":{"line":24,"column":2}},"loc":{"start":{"line":22,"column":22},"end":{"line":24,"column":2}},"line":22}},"f":{"0":2}}
,"C:\\Users\\mat_k\\OneDrive\\Рабочий стол\\Учеба\\RSSchool\\MyReact\\src\\components\\Detail.tsx": {"path":"C:\\Users\\mat_k\\OneDrive\\Рабочий стол\\Учеба\\RSSchool\\MyReact\\src\\components\\Detail.tsx","all":false,"statementMap":{"0":{"start":{"line":1,"column":0},"end":{"line":1,"column":44}},"1":{"start":{"line":2,"column":0},"end":{"line":2,"column":51}},"2":{"start":{"line":3,"column":0},"end":{"line":3,"column":72}},"3":{"start":{"line":4,"column":0},"end":{"line":4,"column":33}},"4":{"start":{"line":5,"column":0},"end":{"line":5,"column":0}},"5":{"start":{"line":6,"column":0},"end":{"line":6,"column":32}},"6":{"start":{"line":7,"column":0},"end":{"line":7,"column":63}},"7":{"start":{"line":8,"column":0},"end":{"line":8,"column":37}},"8":{"start":{"line":9,"column":0},"end":{"line":9,"column":76}},"9":{"start":{"line":10,"column":0},"end":{"line":10,"column":33}},"10":{"start":{"line":11,"column":0},"end":{"line":11,"column":0}},"11":{"start":{"line":12,"column":0},"end":{"line":12,"column":19}},"12":{"start":{"line":13,"column":0},"end":{"line":13,"column":21}},"13":{"start":{"line":14,"column":0},"end":{"line":14,"column":15}},"14":{"start":{"line":15,"column":0},"end":{"line":15,"column":20}},"15":{"start":{"line":16,"column":0},"end":{"line":16,"column":5}},"16":{"start":{"line":17,"column":0},"end":{"line":17,"column":13}},"17":{"start":{"line":18,"column":0},"end":{"line":18,"column":0}},"18":{"start":{"line":19,"column":0},"end":{"line":19,"column":44}},"19":{"start":{"line":20,"column":0},"end":{"line":20,"column":54}},"20":{"start":{"line":21,"column":0},"end":{"line":21,"column":21}},"21":{"start":{"line":22,"column":0},"end":{"line":22,"column":22}},"22":{"start":{"line":23,"column":0},"end":{"line":23,"column":4}},"23":{"start":{"line":24,"column":0},"end":{"line":24,"column":0}},"24":{"start":{"line":25,"column":0},"end":{"line":25,"column":30}},"25":{"start":{"line":26,"column":0},"end":{"line":26,"column":21}},"26":{"start":{"line":27,"column":0},"end":{"line":27,"column":37}},"27":{"start":{"line":28,"column":0},"end":{"line":28,"column":4}},"28":{"start":{"line":29,"column":0},"end":{"line":29,"column":0}},"29":{"start":{"line":30,"column":0},"end":{"line":30,"column":16}},"30":{"start":{"line":31,"column":0},"end":{"line":31,"column":31}},"31":{"start":{"line":32,"column":0},"end":{"line":32,"column":51}},"32":{"start":{"line":33,"column":0},"end":{"line":33,"column":65}},"33":{"start":{"line":34,"column":0},"end":{"line":34,"column":15}},"34":{"start":{"line":35,"column":0},"end":{"line":35,"column":17}},"35":{"start":{"line":36,"column":0},"end":{"line":36,"column":41}},"36":{"start":{"line":37,"column":0},"end":{"line":37,"column":58}},"37":{"start":{"line":38,"column":0},"end":{"line":38,"column":20}},"38":{"start":{"line":39,"column":0},"end":{"line":39,"column":56}},"39":{"start":{"line":40,"column":0},"end":{"line":40,"column":60}},"40":{"start":{"line":41,"column":0},"end":{"line":41,"column":45}},"41":{"start":{"line":42,"column":0},"end":{"line":42,"column":42}},"42":{"start":{"line":43,"column":0},"end":{"line":43,"column":73}},"43":{"start":{"line":44,"column":0},"end":{"line":44,"column":39}},"44":{"start":{"line":45,"column":0},"end":{"line":45,"column":20}},"45":{"start":{"line":46,"column":0},"end":{"line":46,"column":20}},"46":{"start":{"line":47,"column":0},"end":{"line":47,"column":14}},"47":{"start":{"line":48,"column":0},"end":{"line":48,"column":13}},"48":{"start":{"line":49,"column":0},"end":{"line":49,"column":14}},"49":{"start":{"line":50,"column":0},"end":{"line":50,"column":12}},"50":{"start":{"line":51,"column":0},"end":{"line":51,"column":6}},"51":{"start":{"line":52,"column":0},"end":{"line":52,"column":3}},"52":{"start":{"line":53,"column":0},"end":{"line":53,"column":2}},"53":{"start":{"line":54,"column":0},"end":{"line":54,"column":0}},"54":{"start":{"line":55,"column":0},"end":{"line":55,"column":22}}},"s":{"0":1,"1":1,"2":1,"3":1,"4":1,"5":1,"6":0,"7":0,"8":0,"9":0,"10":0,"11":0,"12":0,"13":0,"14":0,"15":0,"16":0,"17":0,"18":0,"19":0,"20":0,"21":0,"22":0,"23":0,"24":0,"25":0,"26":0,"27":0,"28":0,"29":0,"30":0,"31":0,"32":0,"33":0,"34":0,"35":0,"36":0,"37":0,"38":0,"39":0,"40":0,"41":0,"42":0,"43":0,"44":0,"45":0,"46":0,"47":0,"48":0,"49":0,"50":0,"51":0,"52":0,"53":1,"54":1},"branchMap":{},"b":{},"fnMap":{"0":{"name":"Detail","decl":{"start":{"line":6,"column":25},"end":{"line":53,"column":2}},"loc":{"start":{"line":6,"column":25},"end":{"line":53,"column":2}},"line":6}},"f":{"0":0}}
,"C:\\Users\\mat_k\\OneDrive\\Рабочий стол\\Учеба\\RSSchool\\MyReact\\src\\components\\ErrorBtn.tsx": {"path":"C:\\Users\\mat_k\\OneDrive\\Рабочий стол\\Учеба\\RSSchool\\MyReact\\src\\components\\ErrorBtn.tsx","all":false,"statementMap":{"0":{"start":{"line":1,"column":0},"end":{"line":1,"column":33}},"1":{"start":{"line":2,"column":0},"end":{"line":2,"column":0}},"2":{"start":{"line":3,"column":0},"end":{"line":3,"column":34}},"3":{"start":{"line":4,"column":0},"end":{"line":4,"column":48}},"4":{"start":{"line":5,"column":0},"end":{"line":5,"column":0}},"5":{"start":{"line":6,"column":0},"end":{"line":6,"column":34}},"6":{"start":{"line":7,"column":0},"end":{"line":7,"column":21}},"7":{"start":{"line":8,"column":0},"end":{"line":8,"column":4}},"8":{"start":{"line":9,"column":0},"end":{"line":9,"column":0}},"9":{"start":{"line":10,"column":0},"end":{"line":10,"column":16}},"10":{"start":{"line":11,"column":0},"end":{"line":11,"column":45}},"11":{"start":{"line":12,"column":0},"end":{"line":12,"column":3}},"12":{"start":{"line":13,"column":0},"end":{"line":13,"column":10}},"13":{"start":{"line":14,"column":0},"end":{"line":14,"column":55}},"14":{"start":{"line":15,"column":0},"end":{"line":15,"column":18}},"15":{"start":{"line":16,"column":0},"end":{"line":16,"column":13}},"16":{"start":{"line":17,"column":0},"end":{"line":17,"column":4}},"17":{"start":{"line":18,"column":0},"end":{"line":18,"column":2}},"18":{"start":{"line":19,"column":0},"end":{"line":19,"column":0}},"19":{"start":{"line":20,"column":0},"end":{"line":20,"column":24}}},"s":{"0":1,"1":1,"2":1,"3":9,"4":9,"5":9,"6":0,"7":0,"8":9,"9":9,"10":0,"11":0,"12":9,"13":9,"14":9,"15":9,"16":9,"17":9,"18":1,"19":1},"branchMap":{"0":{"type":"branch","line":3,"loc":{"start":{"line":3,"column":27},"end":{"line":18,"column":2}},"locations":[{"start":{"line":3,"column":27},"end":{"line":18,"column":2}}]},"1":{"type":"branch","line":10,"loc":{"start":{"line":10,"column":15},"end":{"line":12,"column":3}},"locations":[{"start":{"line":10,"column":15},"end":{"line":12,"column":3}}]}},"b":{"0":[9],"1":[0]},"fnMap":{"0":{"name":"ErrorBtn","decl":{"start":{"line":3,"column":27},"end":{"line":18,"column":2}},"loc":{"start":{"line":3,"column":27},"end":{"line":18,"column":2}},"line":3},"1":{"name":"handlerErr","decl":{"start":{"line":6,"column":21},"end":{"line":8,"column":4}},"loc":{"start":{"line":6,"column":21},"end":{"line":8,"column":4}},"line":6}},"f":{"0":9,"1":0}}
,"C:\\Users\\mat_k\\OneDrive\\Рабочий стол\\Учеба\\RSSchool\\MyReact\\src\\components\\ErrorPage.tsx": {"path":"C:\\Users\\mat_k\\OneDrive\\Рабочий стол\\Учеба\\RSSchool\\MyReact\\src\\components\\ErrorPage.tsx","all":false,"statementMap":{"0":{"start":{"line":1,"column":0},"end":{"line":1,"column":35}},"1":{"start":{"line":2,"column":0},"end":{"line":2,"column":10}},"2":{"start":{"line":3,"column":0},"end":{"line":3,"column":29}},"3":{"start":{"line":4,"column":0},"end":{"line":4,"column":61}},"4":{"start":{"line":5,"column":0},"end":{"line":5,"column":10}},"5":{"start":{"line":6,"column":0},"end":{"line":6,"column":4}},"6":{"start":{"line":7,"column":0},"end":{"line":7,"column":2}},"7":{"start":{"line":8,"column":0},"end":{"line":8,"column":0}},"8":{"start":{"line":9,"column":0},"end":{"line":9,"column":25}}},"s":{"0":1,"1":0,"2":0,"3":0,"4":0,"5":0,"6":0,"7":1,"8":1},"branchMap":{},"b":{},"fnMap":{"0":{"name":"ErrorPage","decl":{"start":{"line":1,"column":28},"end":{"line":7,"column":2}},"loc":{"start":{"line":1,"column":28},"end":{"line":7,"column":2}},"line":1}},"f":{"0":0}}
,"C:\\Users\\mat_k\\OneDrive\\Рабочий стол\\Учеба\\RSSchool\\MyReact\\src\\components\\Form.tsx": {"path":"C:\\Users\\mat_k\\OneDrive\\Рабочий стол\\Учеба\\RSSchool\\MyReact\\src\\components\\Form.tsx","all":false,"statementMap":{"0":{"start":{"line":1,"column":0},"end":{"line":1,"column":100}},"1":{"start":{"line":2,"column":0},"end":{"line":2,"column":61}},"2":{"start":{"line":3,"column":0},"end":{"line":3,"column":43}},"3":{"start":{"line":4,"column":0},"end":{"line":4,"column":0}},"4":{"start":{"line":5,"column":0},"end":{"line":5,"column":30}},"5":{"start":{"line":6,"column":0},"end":{"line":6,"column":33}},"6":{"start":{"line":7,"column":0},"end":{"line":7,"column":48}},"7":{"start":{"line":8,"column":0},"end":{"line":8,"column":46}},"8":{"start":{"line":9,"column":0},"end":{"line":9,"column":47}},"9":{"start":{"line":10,"column":0},"end":{"line":10,"column":41}},"10":{"start":{"line":11,"column":0},"end":{"line":11,"column":53}},"11":{"start":{"line":12,"column":0},"end":{"line":12,"column":0}},"12":{"start":{"line":13,"column":0},"end":{"line":13,"column":19}},"13":{"start":{"line":14,"column":0},"end":{"line":14,"column":59}},"14":{"start":{"line":15,"column":0},"end":{"line":15,"column":21}},"15":{"start":{"line":16,"column":0},"end":{"line":16,"column":27}},"16":{"start":{"line":17,"column":0},"end":{"line":17,"column":5}},"17":{"start":{"line":18,"column":0},"end":{"line":18,"column":9}},"18":{"start":{"line":19,"column":0},"end":{"line":19,"column":0}},"19":{"start":{"line":20,"column":0},"end":{"line":20,"column":60}},"20":{"start":{"line":21,"column":0},"end":{"line":21,"column":23}},"21":{"start":{"line":22,"column":0},"end":{"line":22,"column":36}},"22":{"start":{"line":23,"column":0},"end":{"line":23,"column":47}},"23":{"start":{"line":24,"column":0},"end":{"line":24,"column":31}},"24":{"start":{"line":25,"column":0},"end":{"line":25,"column":4}},"25":{"start":{"line":26,"column":0},"end":{"line":26,"column":0}},"26":{"start":{"line":27,"column":0},"end":{"line":27,"column":62}},"27":{"start":{"line":28,"column":0},"end":{"line":28,"column":33}},"28":{"start":{"line":29,"column":0},"end":{"line":29,"column":20}},"29":{"start":{"line":30,"column":0},"end":{"line":30,"column":4}},"30":{"start":{"line":31,"column":0},"end":{"line":31,"column":0}},"31":{"start":{"line":32,"column":0},"end":{"line":32,"column":71}},"32":{"start":{"line":33,"column":0},"end":{"line":33,"column":50}},"33":{"start":{"line":34,"column":0},"end":{"line":34,"column":36}},"34":{"start":{"line":35,"column":0},"end":{"line":35,"column":31}},"35":{"start":{"line":36,"column":0},"end":{"line":36,"column":4}},"36":{"start":{"line":37,"column":0},"end":{"line":37,"column":0}},"37":{"start":{"line":38,"column":0},"end":{"line":38,"column":10}},"38":{"start":{"line":39,"column":0},"end":{"line":39,"column":60}},"39":{"start":{"line":40,"column":0},"end":{"line":40,"column":12}},"40":{"start":{"line":41,"column":0},"end":{"line":41,"column":33}},"41":{"start":{"line":42,"column":0},"end":{"line":42,"column":19}},"42":{"start":{"line":43,"column":0},"end":{"line":43,"column":21}},"43":{"start":{"line":44,"column":0},"end":{"line":44,"column":31}},"44":{"start":{"line":45,"column":0},"end":{"line":45,"column":28}},"45":{"start":{"line":46,"column":0},"end":{"line":46,"column":8}},"46":{"start":{"line":47,"column":0},"end":{"line":47,"column":73}},"47":{"start":{"line":48,"column":0},"end":{"line":48,"column":14}},"48":{"start":{"line":49,"column":0},"end":{"line":49,"column":15}},"49":{"start":{"line":50,"column":0},"end":{"line":50,"column":13}},"50":{"start":{"line":51,"column":0},"end":{"line":51,"column":27}},"51":{"start":{"line":52,"column":0},"end":{"line":52,"column":21}},"52":{"start":{"line":53,"column":0},"end":{"line":53,"column":21}},"53":{"start":{"line":54,"column":0},"end":{"line":54,"column":28}},"54":{"start":{"line":55,"column":0},"end":{"line":55,"column":32}},"55":{"start":{"line":56,"column":0},"end":{"line":56,"column":7}},"56":{"start":{"line":57,"column":0},"end":{"line":57,"column":36}},"57":{"start":{"line":58,"column":0},"end":{"line":58,"column":36}},"58":{"start":{"line":59,"column":0},"end":{"line":59,"column":38}},"59":{"start":{"line":60,"column":0},"end":{"line":60,"column":15}},"60":{"start":{"line":61,"column":0},"end":{"line":61,"column":11}},"61":{"start":{"line":62,"column":0},"end":{"line":62,"column":4}},"62":{"start":{"line":63,"column":0},"end":{"line":63,"column":2}},"63":{"start":{"line":64,"column":0},"end":{"line":64,"column":0}},"64":{"start":{"line":65,"column":0},"end":{"line":65,"column":20}}},"s":{"0":1,"1":1,"2":1,"3":1,"4":1,"5":9,"6":9,"7":9,"8":9,"9":9,"10":9,"11":9,"12":9,"13":2,"14":2,"15":0,"16":0,"17":9,"18":9,"19":9,"20":0,"21":0,"22":0,"23":0,"24":0,"25":9,"26":9,"27":0,"28":0,"29":0,"30":9,"31":9,"32":0,"33":0,"34":0,"35":0,"36":9,"37":9,"38":9,"39":9,"40":9,"41":9,"42":9,"43":9,"44":9,"45":9,"46":9,"47":9,"48":9,"49":9,"50":9,"51":9,"52":9,"53":9,"54":9,"55":9,"56":9,"57":9,"58":9,"59":9,"60":9,"61":9,"62":9,"63":1,"64":1},"branchMap":{"0":{"type":"branch","line":5,"loc":{"start":{"line":5,"column":23},"end":{"line":63,"column":2}},"locations":[{"start":{"line":5,"column":23},"end":{"line":63,"column":2}}]},"1":{"type":"branch","line":13,"loc":{"start":{"line":13,"column":12},"end":{"line":18,"column":5}},"locations":[{"start":{"line":13,"column":12},"end":{"line":18,"column":5}}]},"2":{"type":"branch","line":15,"loc":{"start":{"line":15,"column":20},"end":{"line":17,"column":5}},"locations":[{"start":{"line":15,"column":20},"end":{"line":17,"column":5}}]}},"b":{"0":[9],"1":[2],"2":[0]},"fnMap":{"0":{"name":"Form","decl":{"start":{"line":5,"column":23},"end":{"line":63,"column":2}},"loc":{"start":{"line":5,"column":23},"end":{"line":63,"column":2}},"line":5},"1":{"name":"handlerSubmit","decl":{"start":{"line":20,"column":24},"end":{"line":25,"column":4}},"loc":{"start":{"line":20,"column":24},"end":{"line":25,"column":4}},"line":20},"2":{"name":"handlerInput","decl":{"start":{"line":27,"column":23},"end":{"line":30,"column":4}},"loc":{"start":{"line":27,"column":23},"end":{"line":30,"column":4}},"line":27},"3":{"name":"handlerChange","decl":{"start":{"line":32,"column":63},"end":{"line":36,"column":4}},"loc":{"start":{"line":32,"column":63},"end":{"line":36,"column":4}},"line":32}},"f":{"0":9,"1":0,"2":0,"3":0}}
,"C:\\Users\\mat_k\\OneDrive\\Рабочий стол\\Учеба\\RSSchool\\MyReact\\src\\components\\ItemBlock.tsx": {"path":"C:\\Users\\mat_k\\OneDrive\\Рабочий стол\\Учеба\\RSSchool\\MyReact\\src\\components\\ItemBlock.tsx","all":false,"statementMap":{"0":{"start":{"line":1,"column":0},"end":{"line":1,"column":41}},"1":{"start":{"line":2,"column":0},"end":{"line":2,"column":0}},"2":{"start":{"line":3,"column":0},"end":{"line":3,"column":18}},"3":{"start":{"line":4,"column":0},"end":{"line":4,"column":16}},"4":{"start":{"line":5,"column":0},"end":{"line":5,"column":2}},"5":{"start":{"line":6,"column":0},"end":{"line":6,"column":0}},"6":{"start":{"line":7,"column":0},"end":{"line":7,"column":54}},"7":{"start":{"line":8,"column":0},"end":{"line":8,"column":10}},"8":{"start":{"line":9,"column":0},"end":{"line":9,"column":53}},"9":{"start":{"line":10,"column":0},"end":{"line":10,"column":51}},"10":{"start":{"line":11,"column":0},"end":{"line":11,"column":24}},"11":{"start":{"line":12,"column":0},"end":{"line":12,"column":18}},"12":{"start":{"line":13,"column":0},"end":{"line":13,"column":46}},"13":{"start":{"line":14,"column":0},"end":{"line":14,"column":56}},"14":{"start":{"line":15,"column":0},"end":{"line":15,"column":41}},"15":{"start":{"line":16,"column":0},"end":{"line":16,"column":40}},"16":{"start":{"line":17,"column":0},"end":{"line":17,"column":71}},"17":{"start":{"line":18,"column":0},"end":{"line":18,"column":37}},"18":{"start":{"line":19,"column":0},"end":{"line":19,"column":18}},"19":{"start":{"line":20,"column":0},"end":{"line":20,"column":18}},"20":{"start":{"line":21,"column":0},"end":{"line":21,"column":12}},"21":{"start":{"line":22,"column":0},"end":{"line":22,"column":16}},"22":{"start":{"line":23,"column":0},"end":{"line":23,"column":22}},"23":{"start":{"line":24,"column":0},"end":{"line":24,"column":9}},"24":{"start":{"line":25,"column":0},"end":{"line":25,"column":9}},"25":{"start":{"line":26,"column":0},"end":{"line":26,"column":10}},"26":{"start":{"line":27,"column":0},"end":{"line":27,"column":4}},"27":{"start":{"line":28,"column":0},"end":{"line":28,"column":2}},"28":{"start":{"line":29,"column":0},"end":{"line":29,"column":0}},"29":{"start":{"line":30,"column":0},"end":{"line":30,"column":25}}},"s":{"0":1,"1":1,"2":1,"3":1,"4":1,"5":1,"6":1,"7":30,"8":30,"9":30,"10":480,"11":60,"12":60,"13":60,"14":60,"15":60,"16":0,"17":60,"18":60,"19":60,"20":60,"21":480,"22":420,"23":420,"24":30,"25":30,"26":30,"27":30,"28":1,"29":1},"branchMap":{"0":{"type":"branch","line":7,"loc":{"start":{"line":7,"column":39},"end":{"line":28,"column":2}},"locations":[{"start":{"line":7,"column":39},"end":{"line":28,"column":2}}]},"1":{"type":"branch","line":10,"loc":{"start":{"line":10,"column":32},"end":{"line":25,"column":7}},"locations":[{"start":{"line":10,"column":32},"end":{"line":25,"column":7}}]},"2":{"type":"branch","line":11,"loc":{"start":{"line":11,"column":23},"end":{"line":22,"column":15}},"locations":[{"start":{"line":11,"column":23},"end":{"line":22,"column":15}}]},"3":{"type":"branch","line":16,"loc":{"start":{"line":16,"column":39},"end":{"line":17,"column":71}},"locations":[{"start":{"line":16,"column":39},"end":{"line":17,"column":71}}]},"4":{"type":"branch","line":22,"loc":{"start":{"line":22,"column":8},"end":{"line":24,"column":9}},"locations":[{"start":{"line":22,"column":8},"end":{"line":24,"column":9}}]}},"b":{"0":[30],"1":[480],"2":[60],"3":[0],"4":[420]},"fnMap":{"0":{"name":"ItemBlock","decl":{"start":{"line":7,"column":39},"end":{"line":28,"column":2}},"loc":{"start":{"line":7,"column":39},"end":{"line":28,"column":2}},"line":7}},"f":{"0":30}}
,"C:\\Users\\mat_k\\OneDrive\\Рабочий стол\\Учеба\\RSSchool\\MyReact\\src\\components\\ItemsBlockList.tsx": {"path":"C:\\Users\\mat_k\\OneDrive\\Рабочий стол\\Учеба\\RSSchool\\MyReact\\src\\components\\ItemsBlockList.tsx","all":false,"statementMap":{"0":{"start":{"line":1,"column":0},"end":{"line":1,"column":36}},"1":{"start":{"line":2,"column":0},"end":{"line":2,"column":42}},"2":{"start":{"line":3,"column":0},"end":{"line":3,"column":54}},"3":{"start":{"line":4,"column":0},"end":{"line":4,"column":35}},"4":{"start":{"line":5,"column":0},"end":{"line":5,"column":41}},"5":{"start":{"line":6,"column":0},"end":{"line":6,"column":48}},"6":{"start":{"line":7,"column":0},"end":{"line":7,"column":0}},"7":{"start":{"line":8,"column":0},"end":{"line":8,"column":39}},"8":{"start":{"line":9,"column":0},"end":{"line":9,"column":31}},"9":{"start":{"line":10,"column":0},"end":{"line":10,"column":53}},"10":{"start":{"line":11,"column":0},"end":{"line":11,"column":45}},"11":{"start":{"line":12,"column":0},"end":{"line":12,"column":0}},"12":{"start":{"line":13,"column":0},"end":{"line":13,"column":30}},"13":{"start":{"line":14,"column":0},"end":{"line":14,"column":20}},"14":{"start":{"line":15,"column":0},"end":{"line":15,"column":4}},"15":{"start":{"line":16,"column":0},"end":{"line":16,"column":0}},"16":{"start":{"line":17,"column":0},"end":{"line":17,"column":33}},"17":{"start":{"line":18,"column":0},"end":{"line":18,"column":27}},"18":{"start":{"line":19,"column":0},"end":{"line":19,"column":16}},"19":{"start":{"line":20,"column":0},"end":{"line":20,"column":29}},"20":{"start":{"line":21,"column":0},"end":{"line":21,"column":28}},"21":{"start":{"line":22,"column":0},"end":{"line":22,"column":42}},"22":{"start":{"line":23,"column":0},"end":{"line":23,"column":32}},"23":{"start":{"line":24,"column":0},"end":{"line":24,"column":9}},"24":{"start":{"line":25,"column":0},"end":{"line":25,"column":35}},"25":{"start":{"line":26,"column":0},"end":{"line":26,"column":18}},"26":{"start":{"line":27,"column":0},"end":{"line":27,"column":8}},"27":{"start":{"line":28,"column":0},"end":{"line":28,"column":11}},"28":{"start":{"line":29,"column":0},"end":{"line":29,"column":2}},"29":{"start":{"line":30,"column":0},"end":{"line":30,"column":0}},"30":{"start":{"line":31,"column":0},"end":{"line":31,"column":29}}},"s":{"0":1,"1":1,"2":1,"3":1,"4":1,"5":1,"6":1,"7":1,"8":6,"9":6,"10":6,"11":6,"12":6,"13":0,"14":0,"15":6,"16":6,"17":3,"18":30,"19":30,"20":30,"21":30,"22":30,"23":30,"24":30,"25":30,"26":3,"27":3,"28":6,"29":1,"30":1},"branchMap":{"0":{"type":"branch","line":8,"loc":{"start":{"line":8,"column":32},"end":{"line":29,"column":2}},"locations":[{"start":{"line":8,"column":32},"end":{"line":29,"column":2}}]},"1":{"type":"branch","line":17,"loc":{"start":{"line":17,"column":24},"end":{"line":17,"column":33}},"locations":[{"start":{"line":17,"column":24},"end":{"line":17,"column":33}}]},"2":{"type":"branch","line":17,"loc":{"start":{"line":17,"column":29},"end":{"line":27,"column":8}},"locations":[{"start":{"line":17,"column":29},"end":{"line":27,"column":8}}]},"3":{"type":"branch","line":27,"loc":{"start":{"line":27,"column":7},"end":{"line":28,"column":11}},"locations":[{"start":{"line":27,"column":7},"end":{"line":28,"column":11}}]},"4":{"type":"branch","line":18,"loc":{"start":{"line":18,"column":16},"end":{"line":26,"column":18}},"locations":[{"start":{"line":18,"column":16},"end":{"line":26,"column":18}}]}},"b":{"0":[6],"1":[3],"2":[3],"3":[3],"4":[30]},"fnMap":{"0":{"name":"ItemsBlokList","decl":{"start":{"line":8,"column":32},"end":{"line":29,"column":2}},"loc":{"start":{"line":8,"column":32},"end":{"line":29,"column":2}},"line":8},"1":{"name":"handlerClick","decl":{"start":{"line":13,"column":23},"end":{"line":15,"column":4}},"loc":{"start":{"line":13,"column":23},"end":{"line":15,"column":4}},"line":13}},"f":{"0":6,"1":0}}
,"C:\\Users\\mat_k\\OneDrive\\Рабочий стол\\Учеба\\RSSchool\\MyReact\\src\\components\\Loader.tsx": {"path":"C:\\Users\\mat_k\\OneDrive\\Рабочий стол\\Учеба\\RSSchool\\MyReact\\src\\components\\Loader.tsx","all":false,"statementMap":{"0":{"start":{"line":1,"column":0},"end":{"line":1,"column":32}},"1":{"start":{"line":2,"column":0},"end":{"line":2,"column":61}},"2":{"start":{"line":3,"column":0},"end":{"line":3,"column":2}},"3":{"start":{"line":4,"column":0},"end":{"line":4,"column":0}},"4":{"start":{"line":5,"column":0},"end":{"line":5,"column":22}}},"s":{"0":1,"1":3,"2":3,"3":1,"4":1},"branchMap":{"0":{"type":"branch","line":1,"loc":{"start":{"line":1,"column":25},"end":{"line":3,"column":2}},"locations":[{"start":{"line":1,"column":25},"end":{"line":3,"column":2}}]}},"b":{"0":[3]},"fnMap":{"0":{"name":"Loader","decl":{"start":{"line":1,"column":25},"end":{"line":3,"column":2}},"loc":{"start":{"line":1,"column":25},"end":{"line":3,"column":2}},"line":1}},"f":{"0":3}}
,"C:\\Users\\mat_k\\OneDrive\\Рабочий стол\\Учеба\\RSSchool\\MyReact\\src\\components\\NotFoundPage.tsx": {"path":"C:\\Users\\mat_k\\OneDrive\\Рабочий стол\\Учеба\\RSSchool\\MyReact\\src\\components\\NotFoundPage.tsx","all":false,"statementMap":{"0":{"start":{"line":1,"column":0},"end":{"line":1,"column":38}},"1":{"start":{"line":2,"column":0},"end":{"line":2,"column":82}},"2":{"start":{"line":3,"column":0},"end":{"line":3,"column":2}},"3":{"start":{"line":4,"column":0},"end":{"line":4,"column":0}},"4":{"start":{"line":5,"column":0},"end":{"line":5,"column":28}}},"s":{"0":1,"1":0,"2":0,"3":1,"4":1},"branchMap":{},"b":{},"fnMap":{"0":{"name":"NotFoundPage","decl":{"start":{"line":1,"column":31},"end":{"line":3,"column":2}},"loc":{"start":{"line":1,"column":31},"end":{"line":3,"column":2}},"line":1}},"f":{"0":0}}
,"C:\\Users\\mat_k\\OneDrive\\Рабочий стол\\Учеба\\RSSchool\\MyReact\\src\\components\\Pagination.tsx": {"path":"C:\\Users\\mat_k\\OneDrive\\Рабочий стол\\Учеба\\RSSchool\\MyReact\\src\\components\\Pagination.tsx","all":false,"statementMap":{"0":{"start":{"line":1,"column":0},"end":{"line":1,"column":44}},"1":{"start":{"line":2,"column":0},"end":{"line":2,"column":51}},"2":{"start":{"line":3,"column":0},"end":{"line":3,"column":42}},"3":{"start":{"line":4,"column":0},"end":{"line":4,"column":48}},"4":{"start":{"line":5,"column":0},"end":{"line":5,"column":0}},"5":{"start":{"line":6,"column":0},"end":{"line":6,"column":36}},"6":{"start":{"line":7,"column":0},"end":{"line":7,"column":62}},"7":{"start":{"line":8,"column":0},"end":{"line":8,"column":31}},"8":{"start":{"line":9,"column":0},"end":{"line":9,"column":44}},"9":{"start":{"line":10,"column":0},"end":{"line":10,"column":0}},"10":{"start":{"line":11,"column":0},"end":{"line":11,"column":19}},"11":{"start":{"line":12,"column":0},"end":{"line":12,"column":32}},"12":{"start":{"line":13,"column":0},"end":{"line":13,"column":13}},"13":{"start":{"line":14,"column":0},"end":{"line":14,"column":0}},"14":{"start":{"line":15,"column":0},"end":{"line":15,"column":26}},"15":{"start":{"line":16,"column":0},"end":{"line":16,"column":35}},"16":{"start":{"line":17,"column":0},"end":{"line":17,"column":4}},"17":{"start":{"line":18,"column":0},"end":{"line":18,"column":26}},"18":{"start":{"line":19,"column":0},"end":{"line":19,"column":35}},"19":{"start":{"line":20,"column":0},"end":{"line":20,"column":4}},"20":{"start":{"line":21,"column":0},"end":{"line":21,"column":0}},"21":{"start":{"line":22,"column":0},"end":{"line":22,"column":10}},"22":{"start":{"line":23,"column":0},"end":{"line":23,"column":57}},"23":{"start":{"line":24,"column":0},"end":{"line":24,"column":37}},"24":{"start":{"line":25,"column":0},"end":{"line":25,"column":13}},"25":{"start":{"line":26,"column":0},"end":{"line":26,"column":28}},"26":{"start":{"line":27,"column":0},"end":{"line":27,"column":44}},"27":{"start":{"line":28,"column":0},"end":{"line":28,"column":26}},"28":{"start":{"line":29,"column":0},"end":{"line":29,"column":28}},"29":{"start":{"line":30,"column":0},"end":{"line":30,"column":17}},"30":{"start":{"line":31,"column":0},"end":{"line":31,"column":38}},"31":{"start":{"line":32,"column":0},"end":{"line":32,"column":41}},"32":{"start":{"line":33,"column":0},"end":{"line":33,"column":68}},"33":{"start":{"line":34,"column":0},"end":{"line":34,"column":11}},"34":{"start":{"line":35,"column":0},"end":{"line":35,"column":16}},"35":{"start":{"line":36,"column":0},"end":{"line":36,"column":45}},"36":{"start":{"line":37,"column":0},"end":{"line":37,"column":13}},"37":{"start":{"line":38,"column":0},"end":{"line":38,"column":28}},"38":{"start":{"line":39,"column":0},"end":{"line":39,"column":44}},"39":{"start":{"line":40,"column":0},"end":{"line":40,"column":26}},"40":{"start":{"line":41,"column":0},"end":{"line":41,"column":28}},"41":{"start":{"line":42,"column":0},"end":{"line":42,"column":17}},"42":{"start":{"line":43,"column":0},"end":{"line":43,"column":44}},"43":{"start":{"line":44,"column":0},"end":{"line":44,"column":41}},"44":{"start":{"line":45,"column":0},"end":{"line":45,"column":68}},"45":{"start":{"line":46,"column":0},"end":{"line":46,"column":11}},"46":{"start":{"line":47,"column":0},"end":{"line":47,"column":16}},"47":{"start":{"line":48,"column":0},"end":{"line":48,"column":12}},"48":{"start":{"line":49,"column":0},"end":{"line":49,"column":10}},"49":{"start":{"line":50,"column":0},"end":{"line":50,"column":4}},"50":{"start":{"line":51,"column":0},"end":{"line":51,"column":2}},"51":{"start":{"line":52,"column":0},"end":{"line":52,"column":0}},"52":{"start":{"line":53,"column":0},"end":{"line":53,"column":26}}},"s":{"0":1,"1":1,"2":1,"3":1,"4":1,"5":1,"6":5,"7":5,"8":5,"9":5,"10":5,"11":3,"12":5,"13":5,"14":5,"15":1,"16":1,"17":5,"18":0,"19":0,"20":5,"21":5,"22":5,"23":5,"24":5,"25":5,"26":5,"27":5,"28":5,"29":5,"30":5,"31":2,"32":3,"33":5,"34":5,"35":5,"36":5,"37":5,"38":5,"39":5,"40":5,"41":5,"42":5,"43":0,"44":5,"45":5,"46":5,"47":5,"48":5,"49":5,"50":5,"51":1,"52":1},"branchMap":{"0":{"type":"branch","line":6,"loc":{"start":{"line":6,"column":29},"end":{"line":51,"column":2}},"locations":[{"start":{"line":6,"column":29},"end":{"line":51,"column":2}}]},"1":{"type":"branch","line":31,"loc":{"start":{"line":31,"column":37},"end":{"line":32,"column":41}},"locations":[{"start":{"line":31,"column":37},"end":{"line":32,"column":41}}]},"2":{"type":"branch","line":32,"loc":{"start":{"line":32,"column":40},"end":{"line":33,"column":68}},"locations":[{"start":{"line":32,"column":40},"end":{"line":33,"column":68}}]},"3":{"type":"branch","line":43,"loc":{"start":{"line":43,"column":37},"end":{"line":44,"column":41}},"locations":[{"start":{"line":43,"column":37},"end":{"line":44,"column":41}}]},"4":{"type":"branch","line":11,"loc":{"start":{"line":11,"column":12},"end":{"line":13,"column":5}},"locations":[{"start":{"line":11,"column":12},"end":{"line":13,"column":5}}]},"5":{"type":"branch","line":15,"loc":{"start":{"line":15,"column":19},"end":{"line":17,"column":4}},"locations":[{"start":{"line":15,"column":19},"end":{"line":17,"column":4}}]},"6":{"type":"branch","line":16,"loc":{"start":{"line":16,"column":15},"end":{"line":16,"column":33}},"locations":[{"start":{"line":16,"column":15},"end":{"line":16,"column":33}}]}},"b":{"0":[5],"1":[2],"2":[3],"3":[0],"4":[3],"5":[1],"6":[1]},"fnMap":{"0":{"name":"Pagination","decl":{"start":{"line":6,"column":29},"end":{"line":51,"column":2}},"loc":{"start":{"line":6,"column":29},"end":{"line":51,"column":2}},"line":6},"1":{"name":"nextPage","decl":{"start":{"line":15,"column":19},"end":{"line":17,"column":4}},"loc":{"start":{"line":15,"column":19},"end":{"line":17,"column":4}},"line":15},"2":{"name":"prevPage","decl":{"start":{"line":18,"column":19},"end":{"line":20,"column":4}},"loc":{"start":{"line":18,"column":19},"end":{"line":20,"column":4}},"line":18}},"f":{"0":5,"1":1,"2":0}}
,"C:\\Users\\mat_k\\OneDrive\\Рабочий стол\\Учеба\\RSSchool\\MyReact\\src\\components\\Results.tsx": {"path":"C:\\Users\\mat_k\\OneDrive\\Рабочий стол\\Учеба\\RSSchool\\MyReact\\src\\components\\Results.tsx","all":false,"statementMap":{"0":{"start":{"line":1,"column":0},"end":{"line":1,"column":71}},"1":{"start":{"line":2,"column":0},"end":{"line":2,"column":65}},"2":{"start":{"line":3,"column":0},"end":{"line":3,"column":46}},"3":{"start":{"line":4,"column":0},"end":{"line":4,"column":33}},"4":{"start":{"line":5,"column":0},"end":{"line":5,"column":45}},"5":{"start":{"line":6,"column":0},"end":{"line":6,"column":40}},"6":{"start":{"line":7,"column":0},"end":{"line":7,"column":30}},"7":{"start":{"line":8,"column":0},"end":{"line":8,"column":38}},"8":{"start":{"line":9,"column":0},"end":{"line":9,"column":56}},"9":{"start":{"line":10,"column":0},"end":{"line":10,"column":0}},"10":{"start":{"line":11,"column":0},"end":{"line":11,"column":74}},"11":{"start":{"line":12,"column":0},"end":{"line":12,"column":0}},"12":{"start":{"line":13,"column":0},"end":{"line":13,"column":33}},"13":{"start":{"line":14,"column":0},"end":{"line":14,"column":31}},"14":{"start":{"line":15,"column":0},"end":{"line":15,"column":87}},"15":{"start":{"line":16,"column":0},"end":{"line":16,"column":33}},"16":{"start":{"line":17,"column":0},"end":{"line":17,"column":48}},"17":{"start":{"line":18,"column":0},"end":{"line":18,"column":45}},"18":{"start":{"line":19,"column":0},"end":{"line":19,"column":0}},"19":{"start":{"line":20,"column":0},"end":{"line":20,"column":19}},"20":{"start":{"line":21,"column":0},"end":{"line":21,"column":21}},"21":{"start":{"line":22,"column":0},"end":{"line":22,"column":17}},"22":{"start":{"line":23,"column":0},"end":{"line":23,"column":25}},"23":{"start":{"line":24,"column":0},"end":{"line":24,"column":12}},"24":{"start":{"line":25,"column":0},"end":{"line":25,"column":20}},"25":{"start":{"line":26,"column":0},"end":{"line":26,"column":5}},"26":{"start":{"line":27,"column":0},"end":{"line":27,"column":31}},"27":{"start":{"line":28,"column":0},"end":{"line":28,"column":0}},"28":{"start":{"line":29,"column":0},"end":{"line":29,"column":50}},"29":{"start":{"line":30,"column":0},"end":{"line":30,"column":9}},"30":{"start":{"line":31,"column":0},"end":{"line":31,"column":18}},"31":{"start":{"line":32,"column":0},"end":{"line":32,"column":26}},"32":{"start":{"line":33,"column":0},"end":{"line":33,"column":15}},"33":{"start":{"line":34,"column":0},"end":{"line":34,"column":14}},"34":{"start":{"line":35,"column":0},"end":{"line":35,"column":61}},"35":{"start":{"line":36,"column":0},"end":{"line":36,"column":54}},"36":{"start":{"line":37,"column":0},"end":{"line":37,"column":54}},"37":{"start":{"line":38,"column":0},"end":{"line":38,"column":26}},"38":{"start":{"line":39,"column":0},"end":{"line":39,"column":47}},"39":{"start":{"line":40,"column":0},"end":{"line":40,"column":7}},"40":{"start":{"line":41,"column":0},"end":{"line":41,"column":13}},"41":{"start":{"line":42,"column":0},"end":{"line":42,"column":30}},"42":{"start":{"line":43,"column":0},"end":{"line":43,"column":15}},"43":{"start":{"line":44,"column":0},"end":{"line":44,"column":24}},"44":{"start":{"line":45,"column":0},"end":{"line":45,"column":5}},"45":{"start":{"line":46,"column":0},"end":{"line":46,"column":4}},"46":{"start":{"line":47,"column":0},"end":{"line":47,"column":0}},"47":{"start":{"line":48,"column":0},"end":{"line":48,"column":47}},"48":{"start":{"line":49,"column":0},"end":{"line":49,"column":9}},"49":{"start":{"line":50,"column":0},"end":{"line":50,"column":73}},"50":{"start":{"line":51,"column":0},"end":{"line":51,"column":92}},"51":{"start":{"line":52,"column":0},"end":{"line":52,"column":45}},"52":{"start":{"line":53,"column":0},"end":{"line":53,"column":30}},"53":{"start":{"line":54,"column":0},"end":{"line":54,"column":54}},"54":{"start":{"line":55,"column":0},"end":{"line":55,"column":26}},"55":{"start":{"line":56,"column":0},"end":{"line":56,"column":14}},"56":{"start":{"line":57,"column":0},"end":{"line":57,"column":21}},"57":{"start":{"line":58,"column":0},"end":{"line":58,"column":7}},"58":{"start":{"line":59,"column":0},"end":{"line":59,"column":13}},"59":{"start":{"line":60,"column":0},"end":{"line":60,"column":30}},"60":{"start":{"line":61,"column":0},"end":{"line":61,"column":15}},"61":{"start":{"line":62,"column":0},"end":{"line":62,"column":24}},"62":{"start":{"line":63,"column":0},"end":{"line":63,"column":5}},"63":{"start":{"line":64,"column":0},"end":{"line":64,"column":4}},"64":{"start":{"line":65,"column":0},"end":{"line":65,"column":0}},"65":{"start":{"line":66,"column":0},"end":{"line":66,"column":10}},"66":{"start":{"line":67,"column":0},"end":{"line":67,"column":55}},"67":{"start":{"line":68,"column":0},"end":{"line":68,"column":31}},"68":{"start":{"line":69,"column":0},"end":{"line":69,"column":22}},"69":{"start":{"line":70,"column":0},"end":{"line":70,"column":20}},"70":{"start":{"line":71,"column":0},"end":{"line":71,"column":13}},"71":{"start":{"line":72,"column":0},"end":{"line":72,"column":75}},"72":{"start":{"line":73,"column":0},"end":{"line":73,"column":50}},"73":{"start":{"line":74,"column":0},"end":{"line":74,"column":63}},"74":{"start":{"line":75,"column":0},"end":{"line":75,"column":16}},"75":{"start":{"line":76,"column":0},"end":{"line":76,"column":10}},"76":{"start":{"line":77,"column":0},"end":{"line":77,"column":85}},"77":{"start":{"line":78,"column":0},"end":{"line":78,"column":88}},"78":{"start":{"line":79,"column":0},"end":{"line":79,"column":12}},"79":{"start":{"line":80,"column":0},"end":{"line":80,"column":28}},"80":{"start":{"line":81,"column":0},"end":{"line":81,"column":4}},"81":{"start":{"line":82,"column":0},"end":{"line":82,"column":2}},"82":{"start":{"line":83,"column":0},"end":{"line":83,"column":0}},"83":{"start":{"line":84,"column":0},"end":{"line":84,"column":23}},"84":{"start":{"line":85,"column":0},"end":{"line":85,"column":24}}},"s":{"0":1,"1":1,"2":1,"3":1,"4":1,"5":1,"6":1,"7":1,"8":1,"9":1,"10":1,"11":1,"12":1,"13":9,"14":9,"15":9,"16":9,"17":9,"18":9,"19":9,"20":4,"21":4,"22":0,"23":4,"24":4,"25":4,"26":9,"27":9,"28":9,"29":4,"30":4,"31":1,"32":1,"33":4,"34":3,"35":2,"36":2,"37":2,"38":2,"39":3,"40":4,"41":0,"42":4,"43":3,"44":3,"45":4,"46":9,"47":9,"48":0,"49":0,"50":0,"51":0,"52":0,"53":0,"54":0,"55":0,"56":0,"57":0,"58":0,"59":0,"60":0,"61":0,"62":0,"63":0,"64":9,"65":9,"66":9,"67":9,"68":9,"69":3,"70":6,"71":6,"72":6,"73":6,"74":6,"75":9,"76":9,"77":9,"78":9,"79":9,"80":9,"81":9,"82":1,"83":1,"84":1},"branchMap":{"0":{"type":"branch","line":13,"loc":{"start":{"line":13,"column":26},"end":{"line":82,"column":2}},"locations":[{"start":{"line":13,"column":26},"end":{"line":82,"column":2}}]},"1":{"type":"branch","line":69,"loc":{"start":{"line":69,"column":9},"end":{"line":70,"column":20}},"locations":[{"start":{"line":69,"column":9},"end":{"line":70,"column":20}}]},"2":{"type":"branch","line":70,"loc":{"start":{"line":70,"column":18},"end":{"line":75,"column":16}},"locations":[{"start":{"line":70,"column":18},"end":{"line":75,"column":16}}]},"3":{"type":"branch","line":74,"loc":{"start":{"line":74,"column":23},"end":{"line":74,"column":41}},"locations":[{"start":{"line":74,"column":23},"end":{"line":74,"column":41}}]},"4":{"type":"branch","line":74,"loc":{"start":{"line":74,"column":29},"end":{"line":74,"column":58}},"locations":[{"start":{"line":74,"column":29},"end":{"line":74,"column":58}}]},"5":{"type":"branch","line":74,"loc":{"start":{"line":74,"column":53},"end":{"line":74,"column":63}},"locations":[{"start":{"line":74,"column":53},"end":{"line":74,"column":63}}]},"6":{"type":"branch","line":77,"loc":{"start":{"line":77,"column":9},"end":{"line":77,"column":80}},"locations":[{"start":{"line":77,"column":9},"end":{"line":77,"column":80}}]},"7":{"type":"branch","line":78,"loc":{"start":{"line":78,"column":16},"end":{"line":78,"column":42}},"locations":[{"start":{"line":78,"column":16},"end":{"line":78,"column":42}}]},"8":{"type":"branch","line":78,"loc":{"start":{"line":78,"column":38},"end":{"line":78,"column":83}},"locations":[{"start":{"line":78,"column":38},"end":{"line":78,"column":83}}]},"9":{"type":"branch","line":20,"loc":{"start":{"line":20,"column":12},"end":{"line":27,"column":5}},"locations":[{"start":{"line":20,"column":12},"end":{"line":27,"column":5}}]},"10":{"type":"branch","line":22,"loc":{"start":{"line":22,"column":16},"end":{"line":24,"column":11}},"locations":[{"start":{"line":22,"column":16},"end":{"line":24,"column":11}}]},"11":{"type":"branch","line":29,"loc":{"start":{"line":29,"column":22},"end":{"line":46,"column":4}},"locations":[{"start":{"line":29,"column":22},"end":{"line":46,"column":4}}]},"12":{"type":"branch","line":31,"loc":{"start":{"line":31,"column":17},"end":{"line":34,"column":13}},"locations":[{"start":{"line":31,"column":17},"end":{"line":34,"column":13}}]},"13":{"type":"branch","line":34,"loc":{"start":{"line":34,"column":6},"end":{"line":40,"column":7}},"locations":[{"start":{"line":34,"column":6},"end":{"line":40,"column":7}}]},"14":{"type":"branch","line":35,"loc":{"start":{"line":35,"column":59},"end":{"line":39,"column":47}},"locations":[{"start":{"line":35,"column":59},"end":{"line":39,"column":47}}]},"15":{"type":"branch","line":41,"loc":{"start":{"line":41,"column":4},"end":{"line":43,"column":6}},"locations":[{"start":{"line":41,"column":4},"end":{"line":43,"column":6}}]},"16":{"type":"branch","line":43,"loc":{"start":{"line":43,"column":4},"end":{"line":43,"column":6}},"locations":[{"start":{"line":43,"column":4},"end":{"line":43,"column":6}}]},"17":{"type":"branch","line":43,"loc":{"start":{"line":43,"column":4},"end":{"line":45,"column":5}},"locations":[{"start":{"line":43,"column":4},"end":{"line":45,"column":5}}]}},"b":{"0":[9],"1":[3],"2":[6],"3":[3],"4":[3],"5":[3],"6":[0],"7":[5],"8":[0],"9":[4],"10":[0],"11":[4],"12":[1],"13":[3],"14":[2],"15":[0],"16":[2],"17":[3]},"fnMap":{"0":{"name":"Results","decl":{"start":{"line":13,"column":26},"end":{"line":82,"column":2}},"loc":{"start":{"line":13,"column":26},"end":{"line":82,"column":2}},"line":13},"1":{"name":"getAllItems","decl":{"start":{"line":29,"column":22},"end":{"line":46,"column":4}},"loc":{"start":{"line":29,"column":22},"end":{"line":46,"column":4}},"line":29},"2":{"name":"searchItem","decl":{"start":{"line":48,"column":21},"end":{"line":64,"column":4}},"loc":{"start":{"line":48,"column":21},"end":{"line":64,"column":4}},"line":48}},"f":{"0":9,"1":4,"2":0}}
,"C:\\Users\\mat_k\\OneDrive\\Рабочий стол\\Учеба\\RSSchool\\MyReact\\src\\components\\Search.tsx": {"path":"C:\\Users\\mat_k\\OneDrive\\Рабочий стол\\Учеба\\RSSchool\\MyReact\\src\\components\\Search.tsx","all":false,"statementMap":{"0":{"start":{"line":1,"column":0},"end":{"line":1,"column":26}},"1":{"start":{"line":2,"column":0},"end":{"line":2,"column":34}},"2":{"start":{"line":3,"column":0},"end":{"line":3,"column":0}},"3":{"start":{"line":4,"column":0},"end":{"line":4,"column":32}},"4":{"start":{"line":5,"column":0},"end":{"line":5,"column":10}},"5":{"start":{"line":6,"column":0},"end":{"line":6,"column":6}},"6":{"start":{"line":7,"column":0},"end":{"line":7,"column":18}},"7":{"start":{"line":8,"column":0},"end":{"line":8,"column":30}},"8":{"start":{"line":9,"column":0},"end":{"line":9,"column":56}},"9":{"start":{"line":10,"column":0},"end":{"line":10,"column":16}},"10":{"start":{"line":11,"column":0},"end":{"line":11,"column":12}},"11":{"start":{"line":12,"column":0},"end":{"line":12,"column":7}},"12":{"start":{"line":13,"column":0},"end":{"line":13,"column":4}},"13":{"start":{"line":14,"column":0},"end":{"line":14,"column":2}},"14":{"start":{"line":15,"column":0},"end":{"line":15,"column":0}},"15":{"start":{"line":16,"column":0},"end":{"line":16,"column":22}}},"s":{"0":1,"1":1,"2":1,"3":1,"4":9,"5":9,"6":9,"7":9,"8":9,"9":9,"10":9,"11":9,"12":9,"13":9,"14":1,"15":1},"branchMap":{"0":{"type":"branch","line":4,"loc":{"start":{"line":4,"column":25},"end":{"line":14,"column":2}},"locations":[{"start":{"line":4,"column":25},"end":{"line":14,"column":2}}]}},"b":{"0":[9]},"fnMap":{"0":{"name":"Search","decl":{"start":{"line":4,"column":25},"end":{"line":14,"column":2}},"loc":{"start":{"line":4,"column":25},"end":{"line":14,"column":2}},"line":4}},"f":{"0":9}}
,"C:\\Users\\mat_k\\OneDrive\\Рабочий стол\\Учеба\\RSSchool\\MyReact\\src\\components\\Wrapper.tsx": {"path":"C:\\Users\\mat_k\\OneDrive\\Рабочий стол\\Учеба\\RSSchool\\MyReact\\src\\components\\Wrapper.tsx","all":false,"statementMap":{"0":{"start":{"line":1,"column":0},"end":{"line":1,"column":30}},"1":{"start":{"line":2,"column":0},"end":{"line":2,"column":71}},"2":{"start":{"line":3,"column":0},"end":{"line":3,"column":51}},"3":{"start":{"line":4,"column":0},"end":{"line":4,"column":77}},"4":{"start":{"line":5,"column":0},"end":{"line":5,"column":0}},"5":{"start":{"line":6,"column":0},"end":{"line":6,"column":62}},"6":{"start":{"line":7,"column":0},"end":{"line":7,"column":0}},"7":{"start":{"line":8,"column":0},"end":{"line":8,"column":81}},"8":{"start":{"line":9,"column":0},"end":{"line":9,"column":82}},"9":{"start":{"line":10,"column":0},"end":{"line":10,"column":78}},"10":{"start":{"line":11,"column":0},"end":{"line":11,"column":0}},"11":{"start":{"line":12,"column":0},"end":{"line":12,"column":33}},"12":{"start":{"line":13,"column":0},"end":{"line":13,"column":44}},"13":{"start":{"line":14,"column":0},"end":{"line":14,"column":33}},"14":{"start":{"line":15,"column":0},"end":{"line":15,"column":60}},"15":{"start":{"line":16,"column":0},"end":{"line":16,"column":50}},"16":{"start":{"line":17,"column":0},"end":{"line":17,"column":48}},"17":{"start":{"line":18,"column":0},"end":{"line":18,"column":47}},"18":{"start":{"line":19,"column":0},"end":{"line":19,"column":0}},"19":{"start":{"line":20,"column":0},"end":{"line":20,"column":29}},"20":{"start":{"line":21,"column":0},"end":{"line":21,"column":12}},"21":{"start":{"line":22,"column":0},"end":{"line":22,"column":15}},"22":{"start":{"line":23,"column":0},"end":{"line":23,"column":14}},"23":{"start":{"line":24,"column":0},"end":{"line":24,"column":15}},"24":{"start":{"line":25,"column":0},"end":{"line":25,"column":13}},"25":{"start":{"line":26,"column":0},"end":{"line":26,"column":14}},"26":{"start":{"line":27,"column":0},"end":{"line":27,"column":13}},"27":{"start":{"line":28,"column":0},"end":{"line":28,"column":4}},"28":{"start":{"line":29,"column":0},"end":{"line":29,"column":0}},"29":{"start":{"line":30,"column":0},"end":{"line":30,"column":19}},"30":{"start":{"line":31,"column":0},"end":{"line":31,"column":28}},"31":{"start":{"line":32,"column":0},"end":{"line":32,"column":35}},"32":{"start":{"line":33,"column":0},"end":{"line":33,"column":5}},"33":{"start":{"line":34,"column":0},"end":{"line":34,"column":31}},"34":{"start":{"line":35,"column":0},"end":{"line":35,"column":9}},"35":{"start":{"line":36,"column":0},"end":{"line":36,"column":0}},"36":{"start":{"line":37,"column":0},"end":{"line":37,"column":43}},"37":{"start":{"line":38,"column":0},"end":{"line":38,"column":45}},"38":{"start":{"line":39,"column":0},"end":{"line":39,"column":8}},"39":{"start":{"line":40,"column":0},"end":{"line":40,"column":41}},"40":{"start":{"line":41,"column":0},"end":{"line":41,"column":41}},"41":{"start":{"line":42,"column":0},"end":{"line":42,"column":37}},"42":{"start":{"line":43,"column":0},"end":{"line":43,"column":7}},"43":{"start":{"line":44,"column":0},"end":{"line":44,"column":23}},"44":{"start":{"line":45,"column":0},"end":{"line":45,"column":33}},"45":{"start":{"line":46,"column":0},"end":{"line":46,"column":5}},"46":{"start":{"line":47,"column":0},"end":{"line":47,"column":4}},"47":{"start":{"line":48,"column":0},"end":{"line":48,"column":0}},"48":{"start":{"line":49,"column":0},"end":{"line":49,"column":10}},"49":{"start":{"line":50,"column":0},"end":{"line":50,"column":56}},"50":{"start":{"line":51,"column":0},"end":{"line":51,"column":60}},"51":{"start":{"line":52,"column":0},"end":{"line":52,"column":61}},"52":{"start":{"line":53,"column":0},"end":{"line":53,"column":58}},"53":{"start":{"line":54,"column":0},"end":{"line":54,"column":22}},"54":{"start":{"line":55,"column":0},"end":{"line":55,"column":40}},"55":{"start":{"line":56,"column":0},"end":{"line":56,"column":16}},"56":{"start":{"line":57,"column":0},"end":{"line":57,"column":28}},"57":{"start":{"line":58,"column":0},"end":{"line":58,"column":27}},"58":{"start":{"line":59,"column":0},"end":{"line":59,"column":27}},"59":{"start":{"line":60,"column":0},"end":{"line":60,"column":4}},"60":{"start":{"line":61,"column":0},"end":{"line":61,"column":2}},"61":{"start":{"line":62,"column":0},"end":{"line":62,"column":0}},"62":{"start":{"line":63,"column":0},"end":{"line":63,"column":23}},"63":{"start":{"line":64,"column":0},"end":{"line":64,"column":44}}},"s":{"0":1,"1":1,"2":1,"3":1,"4":1,"5":1,"6":1,"7":1,"8":1,"9":1,"10":1,"11":1,"12":9,"13":9,"14":9,"15":9,"16":9,"17":9,"18":9,"19":9,"20":9,"21":9,"22":9,"23":9,"24":9,"25":9,"26":9,"27":9,"28":9,"29":9,"30":2,"31":0,"32":0,"33":2,"34":9,"35":9,"36":9,"37":1,"38":1,"39":1,"40":1,"41":1,"42":1,"43":0,"44":0,"45":0,"46":1,"47":9,"48":9,"49":9,"50":9,"51":9,"52":9,"53":9,"54":9,"55":9,"56":9,"57":9,"58":9,"59":9,"60":9,"61":1,"62":1,"63":1},"branchMap":{"0":{"type":"branch","line":12,"loc":{"start":{"line":12,"column":26},"end":{"line":61,"column":2}},"locations":[{"start":{"line":12,"column":26},"end":{"line":61,"column":2}}]},"1":{"type":"branch","line":30,"loc":{"start":{"line":30,"column":12},"end":{"line":35,"column":5}},"locations":[{"start":{"line":30,"column":12},"end":{"line":35,"column":5}}]},"2":{"type":"branch","line":31,"loc":{"start":{"line":31,"column":27},"end":{"line":33,"column":5}},"locations":[{"start":{"line":31,"column":27},"end":{"line":33,"column":5}}]},"3":{"type":"branch","line":37,"loc":{"start":{"line":37,"column":23},"end":{"line":47,"column":4}},"locations":[{"start":{"line":37,"column":23},"end":{"line":47,"column":4}}]},"4":{"type":"branch","line":43,"loc":{"start":{"line":43,"column":6},"end":{"line":46,"column":5}},"locations":[{"start":{"line":43,"column":6},"end":{"line":46,"column":5}}]}},"b":{"0":[9],"1":[2],"2":[0],"3":[1],"4":[0]},"fnMap":{"0":{"name":"Wrapper","decl":{"start":{"line":12,"column":26},"end":{"line":61,"column":2}},"loc":{"start":{"line":12,"column":26},"end":{"line":61,"column":2}},"line":12},"1":{"name":"handlerClick","decl":{"start":{"line":37,"column":23},"end":{"line":47,"column":4}},"loc":{"start":{"line":37,"column":23},"end":{"line":47,"column":4}},"line":37}},"f":{"0":9,"1":1}}
}
